Performing C SOURCE FILE Test CMAKE_HAVE_LIBC_PTHREAD failed with the following output:
Change Dir: /home/aaron/monero/bitbomb/CMakeFiles/CMakeTmp

Run Build Command(s):/usr/bin/make cmTC_61568/fast && /usr/bin/make -f CMakeFiles/cmTC_61568.dir/build.make CMakeFiles/cmTC_61568.dir/build
make[1]: Entering directory '/home/aaron/monero/bitbomb/CMakeFiles/CMakeTmp'
Building C object CMakeFiles/cmTC_61568.dir/src.c.o
/usr/bin/cc   -std=c11  -Wall -Wextra -Wpointer-arith -Wundef -Wvla -Wwrite-strings -Werror -Wno-error=extra -Wno-error=unused-function -Wno-error=deprecated-declarations -Wno-error=sign-compare -Wno-error=strict-aliasing -Wno-error=type-limits -Wno-unused-parameter -Wno-error=unused-variable -Wno-error=undef -Wno-error=uninitialized -Wno-error=unused-result -Wlogical-op -Wno-error=maybe-uninitialized -Wno-error=clobbered -Wno-error=unused-but-set-variable -Wno-error=odr -Waggregate-return -Wnested-externs -Wold-style-definition -Wstrict-prototypes -march=native -maes -DCMAKE_HAVE_LIBC_PTHREAD   -o CMakeFiles/cmTC_61568.dir/src.c.o   -c /home/aaron/monero/bitbomb/CMakeFiles/CMakeTmp/src.c
Linking C executable cmTC_61568
/usr/bin/cmake -E cmake_link_script CMakeFiles/cmTC_61568.dir/link.txt --verbose=1
/usr/bin/cc  -std=c11  -Wall -Wextra -Wpointer-arith -Wundef -Wvla -Wwrite-strings -Werror -Wno-error=extra -Wno-error=unused-function -Wno-error=deprecated-declarations -Wno-error=sign-compare -Wno-error=strict-aliasing -Wno-error=type-limits -Wno-unused-parameter -Wno-error=unused-variable -Wno-error=undef -Wno-error=uninitialized -Wno-error=unused-result -Wlogical-op -Wno-error=maybe-uninitialized -Wno-error=clobbered -Wno-error=unused-but-set-variable -Wno-error=odr -Waggregate-return -Wnested-externs -Wold-style-definition -Wstrict-prototypes -march=native -maes -DCMAKE_HAVE_LIBC_PTHREAD    -rdynamic CMakeFiles/cmTC_61568.dir/src.c.o  -o cmTC_61568 
CMakeFiles/cmTC_61568.dir/src.c.o:src.c:function main: error: undefined reference to 'pthread_create'
CMakeFiles/cmTC_61568.dir/src.c.o:src.c:function main: error: undefined reference to 'pthread_detach'
CMakeFiles/cmTC_61568.dir/src.c.o:src.c:function main: error: undefined reference to 'pthread_join'
collect2: error: ld returned 1 exit status
make[1]: *** [CMakeFiles/cmTC_61568.dir/build.make:87: cmTC_61568] Error 1
make[1]: Leaving directory '/home/aaron/monero/bitbomb/CMakeFiles/CMakeTmp'
make: *** [Makefile:121: cmTC_61568/fast] Error 2


Source file was:
#include <pthread.h>

void* test_func(void* data)
{
  return data;
}

int main(void)
{
  pthread_t thread;
  pthread_create(&thread, NULL, test_func, NULL);
  pthread_detach(thread);
  pthread_join(thread, NULL);
  pthread_atfork(NULL, NULL, NULL);
  pthread_exit(NULL);

  return 0;
}

Determining if the function pthread_create exists in the pthreads failed with the following output:
Change Dir: /home/aaron/monero/bitbomb/CMakeFiles/CMakeTmp

Run Build Command(s):/usr/bin/make cmTC_99ca3/fast && /usr/bin/make -f CMakeFiles/cmTC_99ca3.dir/build.make CMakeFiles/cmTC_99ca3.dir/build
make[1]: Entering directory '/home/aaron/monero/bitbomb/CMakeFiles/CMakeTmp'
Building C object CMakeFiles/cmTC_99ca3.dir/CheckFunctionExists.c.o
/usr/bin/cc   -std=c11  -Wall -Wextra -Wpointer-arith -Wundef -Wvla -Wwrite-strings -Werror -Wno-error=extra -Wno-error=unused-function -Wno-error=deprecated-declarations -Wno-error=sign-compare -Wno-error=strict-aliasing -Wno-error=type-limits -Wno-unused-parameter -Wno-error=unused-variable -Wno-error=undef -Wno-error=uninitialized -Wno-error=unused-result -Wlogical-op -Wno-error=maybe-uninitialized -Wno-error=clobbered -Wno-error=unused-but-set-variable -Wno-error=odr -Waggregate-return -Wnested-externs -Wold-style-definition -Wstrict-prototypes -march=native -maes -DCHECK_FUNCTION_EXISTS=pthread_create   -o CMakeFiles/cmTC_99ca3.dir/CheckFunctionExists.c.o   -c /usr/share/cmake-3.16/Modules/CheckFunctionExists.c
Linking C executable cmTC_99ca3
/usr/bin/cmake -E cmake_link_script CMakeFiles/cmTC_99ca3.dir/link.txt --verbose=1
/usr/bin/cc  -std=c11  -Wall -Wextra -Wpointer-arith -Wundef -Wvla -Wwrite-strings -Werror -Wno-error=extra -Wno-error=unused-function -Wno-error=deprecated-declarations -Wno-error=sign-compare -Wno-error=strict-aliasing -Wno-error=type-limits -Wno-unused-parameter -Wno-error=unused-variable -Wno-error=undef -Wno-error=uninitialized -Wno-error=unused-result -Wlogical-op -Wno-error=maybe-uninitialized -Wno-error=clobbered -Wno-error=unused-but-set-variable -Wno-error=odr -Waggregate-return -Wnested-externs -Wold-style-definition -Wstrict-prototypes -march=native -maes -DCHECK_FUNCTION_EXISTS=pthread_create    -rdynamic CMakeFiles/cmTC_99ca3.dir/CheckFunctionExists.c.o  -o cmTC_99ca3  -lpthreads 
/usr/bin/ld: error: cannot find -lpthreads
CMakeFiles/cmTC_99ca3.dir/CheckFunctionExists.c.o:CheckFunctionExists.c:function main: error: undefined reference to 'pthread_create'
collect2: error: ld returned 1 exit status
make[1]: *** [CMakeFiles/cmTC_99ca3.dir/build.make:87: cmTC_99ca3] Error 1
make[1]: Leaving directory '/home/aaron/monero/bitbomb/CMakeFiles/CMakeTmp'
make: *** [Makefile:121: cmTC_99ca3/fast] Error 2



